<?xml version="1.0" encoding="UTF-8"?>
<testng-results ignored="0" total="2" passed="2" failed="0" skipped="0">
  <reporter-output>
  </reporter-output>
  <suite started-at="2025-09-04T15:58:51 IST" name="Default suite" finished-at="2025-09-04T15:58:51 IST" duration-ms="103">
    <groups>
    </groups>
    <test started-at="2025-09-04T15:58:51 IST" name="Default test" finished-at="2025-09-04T15:58:51 IST" duration-ms="103">
      <class name="test.Run">
        <test-method signature="read(java.lang.String,java.lang.String)[pri:0, instance:test.Run@1bb5a082]" started-at="2025-09-04T15:58:51 IST" name="read" data-provider="data" finished-at="2025-09-04T15:58:51 IST" duration-ms="17" status="PASS">
          <params>
            <param index="0">
              <value>
                <![CDATA[data]]>
              </value>
            </param>
            <param index="1">
              <value>
                <![CDATA[data1]]>
              </value>
            </param>
          </params>
          <reporter-output>
          </reporter-output>
        </test-method> <!-- read -->
        <test-method signature="read(java.lang.String,java.lang.String)[pri:0, instance:test.Run@1bb5a082]" started-at="2025-09-04T15:58:51 IST" name="read" data-provider="data" finished-at="2025-09-04T15:58:51 IST" duration-ms="2" status="PASS">
          <params>
            <param index="0">
              <value>
                <![CDATA[data2]]>
              </value>
            </param>
            <param index="1">
              <value>
                <![CDATA[data2]]>
              </value>
            </param>
          </params>
          <reporter-output>
          </reporter-output>
        </test-method> <!-- read -->
      </class> <!-- test.Run -->
    </test> <!-- Default test -->
  </suite> <!-- Default suite -->
</testng-results>
